{"D:\\Matchday2.0\\expo-env.d.ts": {"path":"D:\\Matchday2.0\\expo-env.d.ts","statementMap":{},"fnMap":{},"branchMap":{},"s":{},"f":{},"b":{}}
,"D:\\Matchday2.0\\app\\_layout.tsx": {"path":"D:\\Matchday2.0\\app\\_layout.tsx","statementMap":{"0":{"start":{"line":8,"column":2},"end":{"line":23,"column":4}},"1":{"start":{"line":14,"column":24},"end":{"line":14,"column":34}}},"fnMap":{"0":{"name":"RootLayout","decl":{"start":{"line":7,"column":24},"end":{"line":7,"column":34}},"loc":{"start":{"line":7,"column":37},"end":{"line":24,"column":1}},"line":7},"1":{"name":"(anonymous_1)","decl":{"start":{"line":14,"column":18},"end":{"line":14,"column":19}},"loc":{"start":{"line":14,"column":24},"end":{"line":14,"column":34}},"line":14}},"branchMap":{},"s":{"0":0,"1":0},"f":{"0":0,"1":0},"b":{}}
,"D:\\Matchday2.0\\app\\(tabs)\\_layout.tsx": {"path":"D:\\Matchday2.0\\app\\(tabs)\\_layout.tsx","statementMap":{"0":{"start":{"line":6,"column":2},"end":{"line":66,"column":4}},"1":{"start":{"line":31,"column":12},"end":{"line":31,"column":64}},"2":{"start":{"line":41,"column":12},"end":{"line":41,"column":69}},"3":{"start":{"line":51,"column":12},"end":{"line":51,"column":66}},"4":{"start":{"line":61,"column":12},"end":{"line":61,"column":64}}},"fnMap":{"0":{"name":"TabLayout","decl":{"start":{"line":5,"column":24},"end":{"line":5,"column":33}},"loc":{"start":{"line":5,"column":36},"end":{"line":67,"column":1}},"line":5},"1":{"name":"(anonymous_1)","decl":{"start":{"line":30,"column":22},"end":{"line":30,"column":23}},"loc":{"start":{"line":31,"column":12},"end":{"line":31,"column":64}},"line":31},"2":{"name":"(anonymous_2)","decl":{"start":{"line":40,"column":22},"end":{"line":40,"column":23}},"loc":{"start":{"line":41,"column":12},"end":{"line":41,"column":69}},"line":41},"3":{"name":"(anonymous_3)","decl":{"start":{"line":50,"column":22},"end":{"line":50,"column":23}},"loc":{"start":{"line":51,"column":12},"end":{"line":51,"column":66}},"line":51},"4":{"name":"(anonymous_4)","decl":{"start":{"line":60,"column":22},"end":{"line":60,"column":23}},"loc":{"start":{"line":61,"column":12},"end":{"line":61,"column":64}},"line":61}},"branchMap":{},"s":{"0":0,"1":0,"2":0,"3":0,"4":0},"f":{"0":0,"1":0,"2":0,"3":0,"4":0},"b":{}}
,"D:\\Matchday2.0\\app\\(tabs)\\chat.tsx": {"path":"D:\\Matchday2.0\\app\\(tabs)\\chat.tsx","statementMap":{"0":{"start":{"line":7,"column":2},"end":{"line":18,"column":4}},"1":{"start":{"line":21,"column":15},"end":{"line":40,"column":2}}},"fnMap":{"0":{"name":"NotFoundScreen","decl":{"start":{"line":6,"column":24},"end":{"line":6,"column":38}},"loc":{"start":{"line":6,"column":41},"end":{"line":19,"column":1}},"line":6}},"branchMap":{},"s":{"0":0,"1":0},"f":{"0":0},"b":{}}
,"D:\\Matchday2.0\\app\\(tabs)\\fixtures.tsx": {"path":"D:\\Matchday2.0\\app\\(tabs)\\fixtures.tsx","statementMap":{"0":{"start":{"line":8,"column":2},"end":{"line":16,"column":4}},"1":{"start":{"line":19,"column":15},"end":{"line":34,"column":2}}},"fnMap":{"0":{"name":"ModalScreen","decl":{"start":{"line":7,"column":24},"end":{"line":7,"column":35}},"loc":{"start":{"line":7,"column":38},"end":{"line":17,"column":1}},"line":7}},"branchMap":{"0":{"loc":{"start":{"line":14,"column":24},"end":{"line":14,"column":64}},"type":"cond-expr","locations":[{"start":{"line":14,"column":48},"end":{"line":14,"column":55}},{"start":{"line":14,"column":58},"end":{"line":14,"column":64}}],"line":14}},"s":{"0":0,"1":0},"f":{"0":0},"b":{"0":[0,0]}}
,"D:\\Matchday2.0\\app\\(tabs)\\index.tsx": {"path":"D:\\Matchday2.0\\app\\(tabs)\\index.tsx","statementMap":{"0":{"start":{"line":25,"column":17},"end":{"line":25,"column":28}},"1":{"start":{"line":27,"column":30},"end":{"line":42,"column":4}},"2":{"start":{"line":44,"column":42},"end":{"line":44,"column":57}},"3":{"start":{"line":45,"column":42},"end":{"line":45,"column":54}},"4":{"start":{"line":46,"column":42},"end":{"line":46,"column":79}},"5":{"start":{"line":48,"column":31},"end":{"line":50,"column":3}},"6":{"start":{"line":49,"column":4},"end":{"line":49,"column":63}},"7":{"start":{"line":49,"column":31},"end":{"line":49,"column":60}},"8":{"start":{"line":52,"column":28},"end":{"line":66,"column":3}},"9":{"start":{"line":53,"column":4},"end":{"line":65,"column":5}},"10":{"start":{"line":54,"column":30},"end":{"line":59,"column":7}},"11":{"start":{"line":60,"column":6},"end":{"line":60,"column":39}},"12":{"start":{"line":61,"column":6},"end":{"line":61,"column":26}},"13":{"start":{"line":62,"column":6},"end":{"line":62,"column":29}},"14":{"start":{"line":64,"column":6},"end":{"line":64,"column":56}},"15":{"start":{"line":68,"column":23},"end":{"line":75,"column":3}},"16":{"start":{"line":69,"column":4},"end":{"line":74,"column":5}},"17":{"start":{"line":70,"column":22},"end":{"line":70,"column":39}},"18":{"start":{"line":71,"column":32},"end":{"line":71,"column":49}},"19":{"start":{"line":72,"column":22},"end":{"line":72,"column":39}},"20":{"start":{"line":73,"column":15},"end":{"line":73,"column":32}},"21":{"start":{"line":77,"column":2},"end":{"line":226,"column":4}},"22":{"start":{"line":84,"column":25},"end":{"line":84,"column":46}},"23":{"start":{"line":102,"column":29},"end":{"line":102,"column":50}},"24":{"start":{"line":111,"column":14},"end":{"line":155,"column":33}},"25":{"start":{"line":115,"column":18},"end":{"line":118,"column":21}},"26":{"start":{"line":151,"column":43},"end":{"line":151,"column":80}},"27":{"start":{"line":189,"column":30},"end":{"line":189,"column":52}},"28":{"start":{"line":208,"column":18},"end":{"line":208,"column":41}},"29":{"start":{"line":209,"column":18},"end":{"line":209,"column":38}},"30":{"start":{"line":229,"column":15},"end":{"line":459,"column":2}}},"fnMap":{"0":{"name":"SquadsScreen","decl":{"start":{"line":24,"column":24},"end":{"line":24,"column":36}},"loc":{"start":{"line":24,"column":39},"end":{"line":227,"column":1}},"line":24},"1":{"name":"(anonymous_1)","decl":{"start":{"line":48,"column":31},"end":{"line":48,"column":32}},"loc":{"start":{"line":48,"column":68},"end":{"line":50,"column":3}},"line":48},"2":{"name":"(anonymous_2)","decl":{"start":{"line":49,"column":20},"end":{"line":49,"column":21}},"loc":{"start":{"line":49,"column":31},"end":{"line":49,"column":60}},"line":49},"3":{"name":"(anonymous_3)","decl":{"start":{"line":52,"column":28},"end":{"line":52,"column":29}},"loc":{"start":{"line":52,"column":34},"end":{"line":66,"column":3}},"line":52},"4":{"name":"(anonymous_4)","decl":{"start":{"line":68,"column":23},"end":{"line":68,"column":24}},"loc":{"start":{"line":68,"column":41},"end":{"line":75,"column":3}},"line":68},"5":{"name":"(anonymous_5)","decl":{"start":{"line":84,"column":19},"end":{"line":84,"column":20}},"loc":{"start":{"line":84,"column":25},"end":{"line":84,"column":46}},"line":84},"6":{"name":"(anonymous_6)","decl":{"start":{"line":102,"column":23},"end":{"line":102,"column":24}},"loc":{"start":{"line":102,"column":29},"end":{"line":102,"column":50}},"line":102},"7":{"name":"(anonymous_7)","decl":{"start":{"line":110,"column":24},"end":{"line":110,"column":25}},"loc":{"start":{"line":111,"column":14},"end":{"line":155,"column":33}},"line":111},"8":{"name":"(anonymous_8)","decl":{"start":{"line":114,"column":25},"end":{"line":114,"column":26}},"loc":{"start":{"line":114,"column":31},"end":{"line":119,"column":17}},"line":114},"9":{"name":"(anonymous_9)","decl":{"start":{"line":151,"column":32},"end":{"line":151,"column":33}},"loc":{"start":{"line":151,"column":43},"end":{"line":151,"column":80}},"line":151},"10":{"name":"(anonymous_10)","decl":{"start":{"line":189,"column":24},"end":{"line":189,"column":25}},"loc":{"start":{"line":189,"column":30},"end":{"line":189,"column":52}},"line":189},"11":{"name":"(anonymous_11)","decl":{"start":{"line":207,"column":25},"end":{"line":207,"column":26}},"loc":{"start":{"line":207,"column":31},"end":{"line":210,"column":17}},"line":207}},"branchMap":{"0":{"loc":{"start":{"line":53,"column":4},"end":{"line":65,"column":5}},"type":"if","locations":[{"start":{"line":53,"column":4},"end":{"line":65,"column":5}},{"start":{"line":63,"column":11},"end":{"line":65,"column":5}}],"line":53},"1":{"loc":{"start":{"line":69,"column":4},"end":{"line":74,"column":5}},"type":"switch","locations":[{"start":{"line":70,"column":6},"end":{"line":70,"column":39}},{"start":{"line":71,"column":6},"end":{"line":71,"column":49}},{"start":{"line":72,"column":6},"end":{"line":72,"column":39}},{"start":{"line":73,"column":6},"end":{"line":73,"column":32}}],"line":69},"2":{"loc":{"start":{"line":92,"column":9},"end":{"line":158,"column":9}},"type":"cond-expr","locations":[{"start":{"line":94,"column":10},"end":{"line":106,"column":17}},{"start":{"line":109,"column":10},"end":{"line":157,"column":17}}],"line":92},"3":{"loc":{"start":{"line":134,"column":19},"end":{"line":141,"column":19}},"type":"binary-expr","locations":[{"start":{"line":134,"column":19},"end":{"line":134,"column":33}},{"start":{"line":135,"column":20},"end":{"line":140,"column":27}}],"line":134}},"s":{"0":0,"1":0,"2":0,"3":0,"4":0,"5":0,"6":0,"7":0,"8":0,"9":0,"10":0,"11":0,"12":0,"13":0,"14":0,"15":0,"16":0,"17":0,"18":0,"19":0,"20":0,"21":0,"22":0,"23":0,"24":0,"25":0,"26":0,"27":0,"28":0,"29":0,"30":0},"f":{"0":0,"1":0,"2":0,"3":0,"4":0,"5":0,"6":0,"7":0,"8":0,"9":0,"10":0,"11":0},"b":{"0":[0,0],"1":[0,0,0,0],"2":[0,0],"3":[0,0]}}
,"D:\\Matchday2.0\\app\\(tabs)\\profile.tsx": {"path":"D:\\Matchday2.0\\app\\(tabs)\\profile.tsx","statementMap":{"0":{"start":{"line":10,"column":22},"end":{"line":10,"column":38}},"1":{"start":{"line":12,"column":2},"end":{"line":29,"column":4}},"2":{"start":{"line":32,"column":15},"end":{"line":51,"column":2}}},"fnMap":{"0":{"name":"ProfileScreen","decl":{"start":{"line":9,"column":24},"end":{"line":9,"column":37}},"loc":{"start":{"line":9,"column":40},"end":{"line":30,"column":1}},"line":9}},"branchMap":{"0":{"loc":{"start":{"line":16,"column":7},"end":{"line":25,"column":7}},"type":"cond-expr","locations":[{"start":{"line":17,"column":8},"end":{"line":22,"column":11}},{"start":{"line":24,"column":8},"end":{"line":24,"column":63}}],"line":16},"1":{"loc":{"start":{"line":27,"column":24},"end":{"line":27,"column":64}},"type":"cond-expr","locations":[{"start":{"line":27,"column":48},"end":{"line":27,"column":55}},{"start":{"line":27,"column":58},"end":{"line":27,"column":64}}],"line":27}},"s":{"0":0,"1":0,"2":0},"f":{"0":0},"b":{"0":[0,0],"1":[0,0]}}
,"D:\\Matchday2.0\\app\\squad\\[id]\\index.tsx": {"path":"D:\\Matchday2.0\\app\\squad\\[id]\\index.tsx","statementMap":{"0":{"start":{"line":12,"column":17},"end":{"line":12,"column":39}},"1":{"start":{"line":13,"column":18},"end":{"line":13,"column":69}},"2":{"start":{"line":14,"column":17},"end":{"line":14,"column":28}},"3":{"start":{"line":16,"column":21},"end":{"line":19,"column":4}},"4":{"start":{"line":21,"column":42},"end":{"line":21,"column":79}},"5":{"start":{"line":23,"column":29},"end":{"line":25,"column":3}},"6":{"start":{"line":24,"column":4},"end":{"line":24,"column":76}},"7":{"start":{"line":24,"column":31},"end":{"line":24,"column":73}},"8":{"start":{"line":27,"column":2},"end":{"line":52,"column":4}},"9":{"start":{"line":33,"column":32},"end":{"line":33,"column":39}},"10":{"start":{"line":35,"column":10},"end":{"line":47,"column":17}},"11":{"start":{"line":41,"column":29},"end":{"line":41,"column":56}},"12":{"start":{"line":55,"column":15},"end":{"line":90,"column":2}}},"fnMap":{"0":{"name":"SquadScreen","decl":{"start":{"line":11,"column":24},"end":{"line":11,"column":35}},"loc":{"start":{"line":11,"column":38},"end":{"line":53,"column":1}},"line":11},"1":{"name":"(anonymous_1)","decl":{"start":{"line":23,"column":29},"end":{"line":23,"column":30}},"loc":{"start":{"line":23,"column":52},"end":{"line":25,"column":3}},"line":23},"2":{"name":"(anonymous_2)","decl":{"start":{"line":24,"column":20},"end":{"line":24,"column":21}},"loc":{"start":{"line":24,"column":31},"end":{"line":24,"column":73}},"line":24},"3":{"name":"(anonymous_3)","decl":{"start":{"line":33,"column":22},"end":{"line":33,"column":23}},"loc":{"start":{"line":33,"column":32},"end":{"line":33,"column":39}},"line":33},"4":{"name":"(anonymous_4)","decl":{"start":{"line":34,"column":20},"end":{"line":34,"column":21}},"loc":{"start":{"line":35,"column":10},"end":{"line":47,"column":17}},"line":35},"5":{"name":"(anonymous_5)","decl":{"start":{"line":41,"column":23},"end":{"line":41,"column":24}},"loc":{"start":{"line":41,"column":29},"end":{"line":41,"column":56}},"line":41}},"branchMap":{"0":{"loc":{"start":{"line":13,"column":18},"end":{"line":13,"column":69}},"type":"cond-expr","locations":[{"start":{"line":13,"column":45},"end":{"line":13,"column":57}},{"start":{"line":13,"column":60},"end":{"line":13,"column":69}}],"line":13},"1":{"loc":{"start":{"line":44,"column":17},"end":{"line":44,"column":73}},"type":"cond-expr","locations":[{"start":{"line":44,"column":41},"end":{"line":44,"column":52}},{"start":{"line":44,"column":55},"end":{"line":44,"column":73}}],"line":44}},"s":{"0":0,"1":0,"2":0,"3":0,"4":0,"5":0,"6":0,"7":0,"8":0,"9":0,"10":0,"11":0,"12":0},"f":{"0":0,"1":0,"2":0,"3":0,"4":0,"5":0},"b":{"0":[0,0],"1":[0,0]}}
,"D:\\Matchday2.0\\components\\AvailabilityToggle.tsx": {"path":"D:\\Matchday2.0\\components\\AvailabilityToggle.tsx","statementMap":{"0":{"start":{"line":11,"column":2},"end":{"line":42,"column":4}},"1":{"start":{"line":19,"column":23},"end":{"line":19,"column":37}},"2":{"start":{"line":33,"column":23},"end":{"line":33,"column":38}},"3":{"start":{"line":45,"column":15},"end":{"line":66,"column":2}}},"fnMap":{"0":{"name":"AvailabilityToggle","decl":{"start":{"line":10,"column":24},"end":{"line":10,"column":42}},"loc":{"start":{"line":10,"column":75},"end":{"line":43,"column":1}},"line":10},"1":{"name":"(anonymous_1)","decl":{"start":{"line":19,"column":17},"end":{"line":19,"column":18}},"loc":{"start":{"line":19,"column":23},"end":{"line":19,"column":37}},"line":19},"2":{"name":"(anonymous_2)","decl":{"start":{"line":33,"column":17},"end":{"line":33,"column":18}},"loc":{"start":{"line":33,"column":23},"end":{"line":33,"column":38}},"line":33}},"branchMap":{"0":{"loc":{"start":{"line":17,"column":10},"end":{"line":17,"column":58}},"type":"cond-expr","locations":[{"start":{"line":17,"column":22},"end":{"line":17,"column":38}},{"start":{"line":17,"column":41},"end":{"line":17,"column":58}}],"line":17},"1":{"loc":{"start":{"line":24,"column":17},"end":{"line":24,"column":47}},"type":"cond-expr","locations":[{"start":{"line":24,"column":29},"end":{"line":24,"column":35}},{"start":{"line":24,"column":38},"end":{"line":24,"column":47}}],"line":24},"2":{"loc":{"start":{"line":31,"column":10},"end":{"line":31,"column":61}},"type":"cond-expr","locations":[{"start":{"line":31,"column":23},"end":{"line":31,"column":41}},{"start":{"line":31,"column":44},"end":{"line":31,"column":61}}],"line":31},"3":{"loc":{"start":{"line":38,"column":17},"end":{"line":38,"column":48}},"type":"cond-expr","locations":[{"start":{"line":38,"column":30},"end":{"line":38,"column":36}},{"start":{"line":38,"column":39},"end":{"line":38,"column":48}}],"line":38}},"s":{"0":0,"1":0,"2":0,"3":0},"f":{"0":0,"1":0,"2":0},"b":{"0":[0,0],"1":[0,0],"2":[0,0],"3":[0,0]}}
,"D:\\Matchday2.0\\components\\EditScreenInfo.tsx": {"path":"D:\\Matchday2.0\\components\\EditScreenInfo.tsx","statementMap":{"0":{"start":{"line":11,"column":2},"end":{"line":46,"column":4}},"1":{"start":{"line":49,"column":15},"end":{"line":77,"column":2}}},"fnMap":{"0":{"name":"EditScreenInfo","decl":{"start":{"line":10,"column":24},"end":{"line":10,"column":38}},"loc":{"start":{"line":10,"column":67},"end":{"line":47,"column":1}},"line":10}},"branchMap":{},"s":{"0":0,"1":0},"f":{"0":0},"b":{}}
,"D:\\Matchday2.0\\components\\ExternalLink.tsx": {"path":"D:\\Matchday2.0\\components\\ExternalLink.tsx","statementMap":{"0":{"start":{"line":9,"column":2},"end":{"line":24,"column":4}},"1":{"start":{"line":16,"column":8},"end":{"line":21,"column":9}},"2":{"start":{"line":18,"column":10},"end":{"line":18,"column":29}},"3":{"start":{"line":20,"column":10},"end":{"line":20,"column":60}}},"fnMap":{"0":{"name":"ExternalLink","decl":{"start":{"line":6,"column":16},"end":{"line":6,"column":28}},"loc":{"start":{"line":8,"column":2},"end":{"line":25,"column":1}},"line":8},"1":{"name":"(anonymous_1)","decl":{"start":{"line":15,"column":15},"end":{"line":15,"column":16}},"loc":{"start":{"line":15,"column":22},"end":{"line":22,"column":7}},"line":15}},"branchMap":{"0":{"loc":{"start":{"line":16,"column":8},"end":{"line":21,"column":9}},"type":"if","locations":[{"start":{"line":16,"column":8},"end":{"line":21,"column":9}},{"start":{},"end":{}}],"line":16}},"s":{"0":0,"1":0,"2":0,"3":0},"f":{"0":0,"1":0},"b":{"0":[0,0]}}
,"D:\\Matchday2.0\\components\\Header.tsx": {"path":"D:\\Matchday2.0\\components\\Header.tsx","statementMap":{"0":{"start":{"line":6,"column":15},"end":{"line":64,"column":1}},"1":{"start":{"line":7,"column":17},"end":{"line":7,"column":28}},"2":{"start":{"line":8,"column":19},"end":{"line":8,"column":32}},"3":{"start":{"line":9,"column":21},"end":{"line":9,"column":36}},"4":{"start":{"line":10,"column":40},"end":{"line":10,"column":58}},"5":{"start":{"line":12,"column":2},"end":{"line":14,"column":17}},"6":{"start":{"line":13,"column":4},"end":{"line":13,"column":29}},"7":{"start":{"line":17,"column":24},"end":{"line":17,"column":74}},"8":{"start":{"line":18,"column":20},"end":{"line":22,"column":3}},"9":{"start":{"line":19,"column":4},"end":{"line":21,"column":22}},"10":{"start":{"line":24,"column":20},"end":{"line":24,"column":42}},"11":{"start":{"line":26,"column":26},"end":{"line":32,"column":3}},"12":{"start":{"line":27,"column":4},"end":{"line":27,"column":18}},"13":{"start":{"line":29,"column":4},"end":{"line":31,"column":10}},"14":{"start":{"line":30,"column":6},"end":{"line":30,"column":47}},"15":{"start":{"line":34,"column":2},"end":{"line":63,"column":4}},"16":{"start":{"line":66,"column":15},"end":{"line":118,"column":2}}},"fnMap":{"0":{"name":"(anonymous_0)","decl":{"start":{"line":6,"column":15},"end":{"line":6,"column":16}},"loc":{"start":{"line":6,"column":21},"end":{"line":64,"column":1}},"line":6},"1":{"name":"(anonymous_1)","decl":{"start":{"line":12,"column":12},"end":{"line":12,"column":13}},"loc":{"start":{"line":12,"column":18},"end":{"line":14,"column":3}},"line":12},"2":{"name":"(anonymous_2)","decl":{"start":{"line":18,"column":39},"end":{"line":18,"column":40}},"loc":{"start":{"line":19,"column":4},"end":{"line":21,"column":22}},"line":19},"3":{"name":"(anonymous_3)","decl":{"start":{"line":26,"column":26},"end":{"line":26,"column":27}},"loc":{"start":{"line":26,"column":32},"end":{"line":32,"column":3}},"line":26},"4":{"name":"(anonymous_4)","decl":{"start":{"line":29,"column":15},"end":{"line":29,"column":16}},"loc":{"start":{"line":29,"column":21},"end":{"line":31,"column":5}},"line":29}},"branchMap":{"0":{"loc":{"start":{"line":19,"column":4},"end":{"line":21,"column":22}},"type":"binary-expr","locations":[{"start":{"line":19,"column":4},"end":{"line":19,"column":25}},{"start":{"line":20,"column":4},"end":{"line":20,"column":37}},{"start":{"line":21,"column":4},"end":{"line":21,"column":22}}],"line":19},"1":{"loc":{"start":{"line":39,"column":11},"end":{"line":43,"column":11}},"type":"binary-expr","locations":[{"start":{"line":39,"column":12},"end":{"line":39,"column":22}},{"start":{"line":39,"column":26},"end":{"line":39,"column":35}},{"start":{"line":40,"column":12},"end":{"line":42,"column":31}}],"line":39},"2":{"loc":{"start":{"line":69,"column":16},"end":{"line":69,"column":45}},"type":"binary-expr","locations":[{"start":{"line":69,"column":16},"end":{"line":69,"column":39}},{"start":{"line":69,"column":43},"end":{"line":69,"column":45}}],"line":69}},"s":{"0":0,"1":0,"2":0,"3":0,"4":0,"5":0,"6":0,"7":0,"8":0,"9":0,"10":0,"11":0,"12":0,"13":0,"14":0,"15":0,"16":0},"f":{"0":0,"1":0,"2":0,"3":0,"4":0},"b":{"0":[0,0,0],"1":[0,0,0],"2":[0,0]}}
,"D:\\Matchday2.0\\components\\StyledText.tsx": {"path":"D:\\Matchday2.0\\components\\StyledText.tsx","statementMap":{"0":{"start":{"line":4,"column":2},"end":{"line":4,"column":80}}},"fnMap":{"0":{"name":"MonoText","decl":{"start":{"line":3,"column":16},"end":{"line":3,"column":24}},"loc":{"start":{"line":3,"column":43},"end":{"line":5,"column":1}},"line":3}},"branchMap":{},"s":{"0":0},"f":{"0":0},"b":{}}
,"D:\\Matchday2.0\\components\\Themed.tsx": {"path":"D:\\Matchday2.0\\components\\Themed.tsx","statementMap":{"0":{"start":{"line":23,"column":16},"end":{"line":23,"column":43}},"1":{"start":{"line":24,"column":25},"end":{"line":24,"column":37}},"2":{"start":{"line":26,"column":2},"end":{"line":30,"column":3}},"3":{"start":{"line":27,"column":4},"end":{"line":27,"column":26}},"4":{"start":{"line":29,"column":4},"end":{"line":29,"column":36}},"5":{"start":{"line":34,"column":58},"end":{"line":34,"column":63}},"6":{"start":{"line":35,"column":16},"end":{"line":35,"column":77}},"7":{"start":{"line":37,"column":2},"end":{"line":37,"column":68}},"8":{"start":{"line":41,"column":58},"end":{"line":41,"column":63}},"9":{"start":{"line":42,"column":26},"end":{"line":42,"column":93}},"10":{"start":{"line":44,"column":2},"end":{"line":44,"column":78}}},"fnMap":{"0":{"name":"useThemeColor","decl":{"start":{"line":19,"column":16},"end":{"line":19,"column":29}},"loc":{"start":{"line":22,"column":2},"end":{"line":31,"column":1}},"line":22},"1":{"name":"Text","decl":{"start":{"line":33,"column":16},"end":{"line":33,"column":20}},"loc":{"start":{"line":33,"column":39},"end":{"line":38,"column":1}},"line":33},"2":{"name":"View","decl":{"start":{"line":40,"column":16},"end":{"line":40,"column":20}},"loc":{"start":{"line":40,"column":39},"end":{"line":45,"column":1}},"line":40}},"branchMap":{"0":{"loc":{"start":{"line":23,"column":16},"end":{"line":23,"column":43}},"type":"binary-expr","locations":[{"start":{"line":23,"column":16},"end":{"line":23,"column":32}},{"start":{"line":23,"column":36},"end":{"line":23,"column":43}}],"line":23},"1":{"loc":{"start":{"line":26,"column":2},"end":{"line":30,"column":3}},"type":"if","locations":[{"start":{"line":26,"column":2},"end":{"line":30,"column":3}},{"start":{"line":28,"column":9},"end":{"line":30,"column":3}}],"line":26}},"s":{"0":0,"1":0,"2":0,"3":0,"4":0,"5":0,"6":0,"7":0,"8":0,"9":0,"10":0},"f":{"0":0,"1":0,"2":0},"b":{"0":[0,0],"1":[0,0]}}
,"D:\\Matchday2.0\\components\\UserProfileContext.tsx": {"path":"D:\\Matchday2.0\\components\\UserProfileContext.tsx","statementMap":{"0":{"start":{"line":16,"column":27},"end":{"line":19,"column":2}},"1":{"start":{"line":22,"column":32},"end":{"line":22,"column":66}},"2":{"start":{"line":23,"column":2},"end":{"line":36,"column":9}},"3":{"start":{"line":24,"column":4},"end":{"line":35,"column":9}},"4":{"start":{"line":25,"column":6},"end":{"line":34,"column":7}},"5":{"start":{"line":26,"column":8},"end":{"line":31,"column":9}},"6":{"start":{"line":27,"column":25},"end":{"line":27,"column":70}},"7":{"start":{"line":28,"column":10},"end":{"line":30,"column":11}},"8":{"start":{"line":29,"column":12},"end":{"line":29,"column":43}},"9":{"start":{"line":33,"column":8},"end":{"line":33,"column":52}},"10":{"start":{"line":38,"column":22},"end":{"line":47,"column":3}},"11":{"start":{"line":39,"column":4},"end":{"line":45,"column":5}},"12":{"start":{"line":40,"column":6},"end":{"line":42,"column":7}},"13":{"start":{"line":41,"column":8},"end":{"line":41,"column":76}},"14":{"start":{"line":44,"column":6},"end":{"line":44,"column":50}},"15":{"start":{"line":46,"column":4},"end":{"line":46,"column":21}},"16":{"start":{"line":49,"column":2},"end":{"line":53,"column":4}},"17":{"start":{"line":57,"column":2},"end":{"line":57,"column":40}}},"fnMap":{"0":{"name":"(anonymous_0)","decl":{"start":{"line":18,"column":15},"end":{"line":18,"column":16}},"loc":{"start":{"line":18,"column":27},"end":{"line":18,"column":29}},"line":18},"1":{"name":"UserProfileProvider","decl":{"start":{"line":21,"column":16},"end":{"line":21,"column":35}},"loc":{"start":{"line":21,"column":81},"end":{"line":54,"column":1}},"line":21},"2":{"name":"(anonymous_2)","decl":{"start":{"line":23,"column":12},"end":{"line":23,"column":13}},"loc":{"start":{"line":23,"column":18},"end":{"line":36,"column":3}},"line":23},"3":{"name":"(anonymous_3)","decl":{"start":{"line":24,"column":5},"end":{"line":24,"column":6}},"loc":{"start":{"line":24,"column":17},"end":{"line":35,"column":5}},"line":24},"4":{"name":"(anonymous_4)","decl":{"start":{"line":38,"column":22},"end":{"line":38,"column":23}},"loc":{"start":{"line":38,"column":51},"end":{"line":47,"column":3}},"line":38},"5":{"name":"useUserProfile","decl":{"start":{"line":56,"column":16},"end":{"line":56,"column":30}},"loc":{"start":{"line":56,"column":33},"end":{"line":58,"column":1}},"line":56}},"branchMap":{"0":{"loc":{"start":{"line":26,"column":8},"end":{"line":31,"column":9}},"type":"if","locations":[{"start":{"line":26,"column":8},"end":{"line":31,"column":9}},{"start":{},"end":{}}],"line":26},"1":{"loc":{"start":{"line":28,"column":10},"end":{"line":30,"column":11}},"type":"if","locations":[{"start":{"line":28,"column":10},"end":{"line":30,"column":11}},{"start":{},"end":{}}],"line":28},"2":{"loc":{"start":{"line":40,"column":6},"end":{"line":42,"column":7}},"type":"if","locations":[{"start":{"line":40,"column":6},"end":{"line":42,"column":7}},{"start":{},"end":{}}],"line":40}},"s":{"0":0,"1":0,"2":0,"3":0,"4":0,"5":0,"6":0,"7":0,"8":0,"9":0,"10":0,"11":0,"12":0,"13":0,"14":0,"15":0,"16":0,"17":0},"f":{"0":0,"1":0,"2":0,"3":0,"4":0,"5":0},"b":{"0":[0,0],"1":[0,0],"2":[0,0]}}
,"D:\\Matchday2.0\\components\\UserProfileModal.tsx": {"path":"D:\\Matchday2.0\\components\\UserProfileModal.tsx","statementMap":{"0":{"start":{"line":13,"column":18},"end":{"line":13,"column":80}},"1":{"start":{"line":16,"column":51},"end":{"line":16,"column":67}},"2":{"start":{"line":17,"column":32},"end":{"line":17,"column":47}},"3":{"start":{"line":18,"column":26},"end":{"line":18,"column":38}},"4":{"start":{"line":19,"column":34},"end":{"line":19,"column":46}},"5":{"start":{"line":20,"column":32},"end":{"line":20,"column":44}},"6":{"start":{"line":21,"column":36},"end":{"line":21,"column":48}},"7":{"start":{"line":24,"column":2},"end":{"line":33,"column":16}},"8":{"start":{"line":25,"column":4},"end":{"line":32,"column":5}},"9":{"start":{"line":26,"column":6},"end":{"line":26,"column":23}},"10":{"start":{"line":28,"column":6},"end":{"line":28,"column":28}},"11":{"start":{"line":29,"column":6},"end":{"line":29,"column":36}},"12":{"start":{"line":30,"column":6},"end":{"line":30,"column":42}},"13":{"start":{"line":31,"column":6},"end":{"line":31,"column":46}},"14":{"start":{"line":36,"column":22},"end":{"line":50,"column":3}},"15":{"start":{"line":37,"column":30},"end":{"line":42,"column":5}},"16":{"start":{"line":43,"column":4},"end":{"line":49,"column":5}},"17":{"start":{"line":44,"column":6},"end":{"line":44,"column":33}},"18":{"start":{"line":46,"column":6},"end":{"line":46,"column":53}},"19":{"start":{"line":48,"column":6},"end":{"line":48,"column":24}},"20":{"start":{"line":52,"column":26},"end":{"line":70,"column":3}},"21":{"start":{"line":56,"column":4},"end":{"line":69,"column":11}},"22":{"start":{"line":58,"column":8},"end":{"line":67,"column":27}},"23":{"start":{"line":64,"column":25},"end":{"line":64,"column":38}},"24":{"start":{"line":72,"column":17},"end":{"line":143,"column":4}},"25":{"start":{"line":146,"column":2},"end":{"line":174,"column":4}}},"fnMap":{"0":{"name":"UserProfileModal","decl":{"start":{"line":15,"column":24},"end":{"line":15,"column":40}},"loc":{"start":{"line":15,"column":43},"end":{"line":175,"column":1}},"line":15},"1":{"name":"(anonymous_1)","decl":{"start":{"line":24,"column":12},"end":{"line":24,"column":13}},"loc":{"start":{"line":24,"column":18},"end":{"line":33,"column":3}},"line":24},"2":{"name":"(anonymous_2)","decl":{"start":{"line":36,"column":22},"end":{"line":36,"column":23}},"loc":{"start":{"line":36,"column":34},"end":{"line":50,"column":3}},"line":36},"3":{"name":"(anonymous_3)","decl":{"start":{"line":52,"column":26},"end":{"line":52,"column":27}},"loc":{"start":{"line":56,"column":4},"end":{"line":69,"column":11}},"line":56},"4":{"name":"(anonymous_4)","decl":{"start":{"line":57,"column":21},"end":{"line":57,"column":22}},"loc":{"start":{"line":58,"column":8},"end":{"line":67,"column":27}},"line":58},"5":{"name":"(anonymous_5)","decl":{"start":{"line":64,"column":19},"end":{"line":64,"column":20}},"loc":{"start":{"line":64,"column":25},"end":{"line":64,"column":38}},"line":64}},"branchMap":{"0":{"loc":{"start":{"line":25,"column":4},"end":{"line":32,"column":5}},"type":"if","locations":[{"start":{"line":25,"column":4},"end":{"line":32,"column":5}},{"start":{"line":27,"column":11},"end":{"line":32,"column":5}}],"line":25},"1":{"loc":{"start":{"line":62,"column":12},"end":{"line":62,"column":52}},"type":"binary-expr","locations":[{"start":{"line":62,"column":12},"end":{"line":62,"column":25}},{"start":{"line":62,"column":29},"end":{"line":62,"column":52}}],"line":62}},"s":{"0":1,"1":20,"2":20,"3":20,"4":20,"5":20,"6":20,"7":20,"8":6,"9":5,"10":1,"11":1,"12":1,"13":1,"14":20,"15":2,"16":2,"17":2,"18":1,"19":2,"20":20,"21":40,"22":400,"23":4,"24":20,"25":20},"f":{"0":20,"1":6,"2":2,"3":40,"4":400,"5":4},"b":{"0":[5,1],"1":[400,10]},"_coverageSchema":"1a1c01bbd47fc00a2c39e90264f33305004495a9","hash":"287861ac934e94e794b73e2a7b061548a78fc232"}
,"D:\\Matchday2.0\\components\\useClientOnlyValue.ts": {"path":"D:\\Matchday2.0\\components\\useClientOnlyValue.ts","statementMap":{"0":{"start":{"line":3,"column":2},"end":{"line":3,"column":16}}},"fnMap":{"0":{"name":"useClientOnlyValue","decl":{"start":{"line":2,"column":16},"end":{"line":2,"column":34}},"loc":{"start":{"line":2,"column":70},"end":{"line":4,"column":1}},"line":2}},"branchMap":{},"s":{"0":0},"f":{"0":0},"b":{}}
,"D:\\Matchday2.0\\components\\useClientOnlyValue.web.ts": {"path":"D:\\Matchday2.0\\components\\useClientOnlyValue.web.ts","statementMap":{"0":{"start":{"line":6,"column":28},"end":{"line":6,"column":57}},"1":{"start":{"line":7,"column":2},"end":{"line":9,"column":15}},"2":{"start":{"line":8,"column":4},"end":{"line":8,"column":21}},"3":{"start":{"line":11,"column":2},"end":{"line":11,"column":15}}},"fnMap":{"0":{"name":"useClientOnlyValue","decl":{"start":{"line":5,"column":16},"end":{"line":5,"column":34}},"loc":{"start":{"line":5,"column":70},"end":{"line":12,"column":1}},"line":5},"1":{"name":"(anonymous_1)","decl":{"start":{"line":7,"column":18},"end":{"line":7,"column":19}},"loc":{"start":{"line":7,"column":24},"end":{"line":9,"column":3}},"line":7}},"branchMap":{},"s":{"0":0,"1":0,"2":0,"3":0},"f":{"0":0,"1":0},"b":{}}
,"D:\\Matchday2.0\\components\\useColorScheme.ts": {"path":"D:\\Matchday2.0\\components\\useColorScheme.ts","statementMap":{},"fnMap":{},"branchMap":{},"s":{},"f":{},"b":{}}
,"D:\\Matchday2.0\\components\\useColorScheme.web.ts": {"path":"D:\\Matchday2.0\\components\\useColorScheme.web.ts","statementMap":{"0":{"start":{"line":7,"column":2},"end":{"line":7,"column":17}}},"fnMap":{"0":{"name":"useColorScheme","decl":{"start":{"line":6,"column":16},"end":{"line":6,"column":30}},"loc":{"start":{"line":6,"column":33},"end":{"line":8,"column":1}},"line":6}},"branchMap":{},"s":{"0":0},"f":{"0":0},"b":{}}
,"D:\\Matchday2.0\\constants\\Colors.ts": {"path":"D:\\Matchday2.0\\constants\\Colors.ts","statementMap":{"0":{"start":{"line":1,"column":23},"end":{"line":1,"column":32}},"1":{"start":{"line":2,"column":22},"end":{"line":2,"column":28}}},"fnMap":{},"branchMap":{},"s":{"0":0,"1":0},"f":{},"b":{}}
}
